c:\users\agata\desktop\poproj1_2\poproj1_2\x64\debug\vc143.pdb
c:\users\agata\desktop\poproj1_2\poproj1_2\x64\debug\vc143.idb
c:\users\agata\desktop\poproj1_2\poproj1_2\x64\debug\guarana.obj
c:\users\agata\desktop\poproj1_2\poproj1_2\x64\debug\wilczejagody.obj
c:\users\agata\desktop\poproj1_2\poproj1_2\x64\debug\roslina.obj
c:\users\agata\desktop\poproj1_2\poproj1_2\x64\debug\zwierze.obj
c:\users\agata\desktop\poproj1_2\poproj1_2\x64\debug\zolw.obj
c:\users\agata\desktop\poproj1_2\poproj1_2\x64\debug\wilk.obj
c:\users\agata\desktop\poproj1_2\poproj1_2\x64\debug\wilczejagody1.obj
c:\users\agata\desktop\poproj1_2\poproj1_2\x64\debug\trawa.obj
c:\users\agata\desktop\poproj1_2\poproj1_2\x64\debug\organizm.obj
c:\users\agata\desktop\poproj1_2\poproj1_2\x64\debug\swiat.obj
c:\users\agata\desktop\poproj1_2\poproj1_2\x64\debug\owca.obj
c:\users\agata\desktop\poproj1_2\poproj1_2\x64\debug\mlecz.obj
c:\users\agata\desktop\poproj1_2\poproj1_2\x64\debug\main.obj
c:\users\agata\desktop\poproj1_2\poproj1_2\x64\debug\lis.obj
c:\users\agata\desktop\poproj1_2\poproj1_2\x64\debug\czlowiek.obj
c:\users\agata\desktop\poproj1_2\poproj1_2\x64\debug\barszczsosnowskiego.obj
c:\users\agata\desktop\poproj1_2\poproj1_2\x64\debug\antylopa.obj
c:\users\agata\desktop\poproj1_2\x64\debug\poproj1_2.exe
c:\users\agata\desktop\poproj1_2\poproj1_2\x64\debug\poproj1_2.ilk
c:\users\agata\desktop\poproj1_2\x64\debug\poproj1_2.pdb
c:\users\agata\desktop\poproj1_2\poproj1_2\x64\debug\antylopa.obj.enc
c:\users\agata\desktop\poproj1_2\poproj1_2\x64\debug\barszczsosnowskiego.obj.enc
c:\users\agata\desktop\poproj1_2\poproj1_2\x64\debug\czlowiek.obj.enc
c:\users\agata\desktop\poproj1_2\poproj1_2\x64\debug\guarana.obj.enc
c:\users\agata\desktop\poproj1_2\poproj1_2\x64\debug\lis.obj.enc
c:\users\agata\desktop\poproj1_2\poproj1_2\x64\debug\main.obj.enc
c:\users\agata\desktop\poproj1_2\poproj1_2\x64\debug\mlecz.obj.enc
c:\users\agata\desktop\poproj1_2\poproj1_2\x64\debug\organizm.obj.enc
c:\users\agata\desktop\poproj1_2\poproj1_2\x64\debug\owca.obj.enc
c:\users\agata\desktop\poproj1_2\poproj1_2\x64\debug\roslina.obj.enc
c:\users\agata\desktop\poproj1_2\poproj1_2\x64\debug\swiat.obj.enc
c:\users\agata\desktop\poproj1_2\poproj1_2\x64\debug\trawa.obj.enc
c:\users\agata\desktop\poproj1_2\poproj1_2\x64\debug\wilczejagody1.obj.enc
c:\users\agata\desktop\poproj1_2\poproj1_2\x64\debug\wilk.obj.enc
c:\users\agata\desktop\poproj1_2\poproj1_2\x64\debug\zolw.obj.enc
c:\users\agata\desktop\poproj1_2\poproj1_2\x64\debug\zwierze.obj.enc
c:\users\agata\desktop\poproj1_2\poproj1_2\x64\debug\poproj1_2.tlog\cl.command.1.tlog
c:\users\agata\desktop\poproj1_2\poproj1_2\x64\debug\poproj1_2.tlog\cl.read.1.tlog
c:\users\agata\desktop\poproj1_2\poproj1_2\x64\debug\poproj1_2.tlog\cl.write.1.tlog
c:\users\agata\desktop\poproj1_2\poproj1_2\x64\debug\poproj1_2.tlog\link.command.1.tlog
c:\users\agata\desktop\poproj1_2\poproj1_2\x64\debug\poproj1_2.tlog\link.read.1.tlog
c:\users\agata\desktop\poproj1_2\poproj1_2\x64\debug\poproj1_2.tlog\link.write.1.tlog
